<?xml version="1.0" encoding="UTF-8"?>
<testsuite name="website.websiteTest" tests="1" skipped="0" failures="0" errors="0" timestamp="2023-06-14T09:48:30" hostname="DESKTOP-SKJDIMA" time="0.033">
  <properties/>
  <testcase name="websiteProjectTeamFactoryTest()" classname="website.websiteTest" time="0.033"/>
  <system-out><![CDATA[PHP developer writes PHP code...
Website Tester tests site...
Website project manager manages website project...
]]></system-out>
  <system-err><![CDATA[]]></system-err>
</testsuite>
